<?xml version="1.0" encoding="UTF-8"?>
<!-- Generated by org.testng.reporters.JUnitReportReporter -->
<testsuite skipped="0" hostname="DESKTOP-B3281VN" name="Show" tests="1" failures="0" timestamp="26 Sep 2019 09:18:38 GMT" time="0.019" errors="0">
  <testcase name="a" time="0.019" classname="Show"/>
</testsuite> <!-- Show -->
