<?xml version="1.0" encoding="UTF-8"?>
<!-- Generated by org.testng.reporters.JUnitReportReporter -->
<testsuite skipped="0" hostname="DESKTOP-B3281VN" name="com.wp.Config" tests="1" failures="0" timestamp="27 Sep 2019 05:49:56 GMT" time="0.014" errors="0">
  <testcase name="getData" time="0.014" classname="com.wp.Config"/>
</testsuite> <!-- com.wp.Config -->
